{"level":"error","message":"Erro no login:","service":"lineage2-server","timestamp":"2025-09-20 16:00:25"}
{"level":"error","message":"Erro no login:","service":"lineage2-server","timestamp":"2025-09-20 20:20:33"}
{"level":"error","message":"Erro ao criar personagem:","service":"lineage2-server","timestamp":"2025-09-20 21:25:46"}
{"level":"error","message":"Erro ao criar personagem:","service":"lineage2-server","timestamp":"2025-09-20 21:25:48"}
{"level":"error","message":"Erro ao criar personagem:","service":"lineage2-server","timestamp":"2025-09-20 21:25:48"}
{"level":"error","message":"Erro ao criar personagem:","service":"lineage2-server","timestamp":"2025-09-20 21:25:48"}
{"level":"error","message":"Erro ao criar personagem:","service":"lineage2-server","timestamp":"2025-09-20 21:25:49"}
{"level":"error","message":"Erro ao criar personagem:","service":"lineage2-server","timestamp":"2025-09-20 21:25:49"}
{"level":"error","message":"Erro ao criar personagem:","service":"lineage2-server","timestamp":"2025-09-20 21:25:49"}
{"level":"error","message":"Erro ao criar personagem:","service":"lineage2-server","timestamp":"2025-09-20 21:25:49"}
{"level":"error","message":"Erro ao criar personagem:","service":"lineage2-server","timestamp":"2025-09-20 21:25:49"}
{"level":"error","message":"Erro ao criar personagem:","service":"lineage2-server","timestamp":"2025-09-20 21:25:49"}
{"level":"error","message":"Erro ao conectar ao banco de dados:","service":"lineage2-server","timestamp":"2025-09-23 17:09:45"}
{"level":"error","message":"Erro na consulta SQL:","service":"lineage2-server","timestamp":"2025-09-23 17:09:45"}
{"level":"error","message":"Erro ao atualizar status do servidor:","service":"lineage2-server","timestamp":"2025-09-23 17:09:45"}
{"level":"error","message":"Erro ao atualizar status do servidor:","service":"lineage2-server","timestamp":"2025-09-23 17:09:45"}
{"level":"error","message":"Erro ao conectar ao banco de dados:","service":"lineage2-server","timestamp":"2025-09-23 17:09:50"}
{"level":"error","message":"Erro ao conectar ao banco de dados:","service":"lineage2-server","timestamp":"2025-09-23 17:40:00"}
{"level":"error","message":"Erro na consulta SQL:","service":"lineage2-server","timestamp":"2025-09-23 17:40:00"}
{"level":"error","message":"Erro ao atualizar status do servidor:","service":"lineage2-server","timestamp":"2025-09-23 17:40:00"}
{"level":"error","message":"Erro ao atualizar status do servidor:","service":"lineage2-server","timestamp":"2025-09-23 17:40:00"}
{"level":"error","message":"Erro ao conectar ao banco de dados:","service":"lineage2-server","timestamp":"2025-09-23 17:40:05"}
{"level":"error","message":"Erro ao conectar ao banco de dados:","service":"lineage2-server","timestamp":"2025-09-23 17:40:10"}
{"level":"error","message":"Erro ao conectar ao banco de dados:","service":"lineage2-server","timestamp":"2025-09-23 17:41:38"}
{"level":"error","message":"Erro na consulta SQL:","service":"lineage2-server","timestamp":"2025-09-23 17:41:38"}
{"level":"error","message":"Erro ao atualizar status do servidor:","service":"lineage2-server","timestamp":"2025-09-23 17:41:38"}
{"level":"error","message":"Erro ao atualizar status do servidor:","service":"lineage2-server","timestamp":"2025-09-23 17:41:38"}
{"level":"error","message":"Erro ao conectar ao banco de dados:","service":"lineage2-server","timestamp":"2025-09-23 17:41:43"}
{"level":"error","message":"Erro ao conectar ao banco de dados:","service":"lineage2-server","timestamp":"2025-09-23 17:41:48"}
{"level":"error","message":"Erro na consulta SQL:","service":"lineage2-server","timestamp":"2025-09-23 21:17:23"}
{"level":"error","message":"Erro ao atualizar status do servidor:","service":"lineage2-server","timestamp":"2025-09-23 21:17:23"}
{"level":"error","message":"Erro ao atualizar status do servidor:","service":"lineage2-server","timestamp":"2025-09-23 21:17:23"}
{"level":"error","message":"Erro na consulta SQL:","service":"lineage2-server","timestamp":"2025-09-23 21:17:53"}
{"level":"error","message":"Erro ao atualizar status do servidor:","service":"lineage2-server","timestamp":"2025-09-23 21:17:53"}
{"level":"error","message":"Erro ao atualizar status do servidor:","service":"lineage2-server","timestamp":"2025-09-23 21:17:53"}
{"level":"error","message":"Erro na consulta SQL:","service":"lineage2-server","timestamp":"2025-09-23 21:23:41"}
{"level":"error","message":"Erro ao atualizar status do servidor:","service":"lineage2-server","timestamp":"2025-09-23 21:23:41"}
{"level":"error","message":"Erro ao atualizar status do servidor:","service":"lineage2-server","timestamp":"2025-09-23 21:23:41"}
{"level":"error","message":"Erro na consulta SQL:","service":"lineage2-server","timestamp":"2025-09-23 21:24:11"}
{"level":"error","message":"Erro ao atualizar status do servidor:","service":"lineage2-server","timestamp":"2025-09-23 21:24:11"}
{"level":"error","message":"Erro ao atualizar status do servidor:","service":"lineage2-server","timestamp":"2025-09-23 21:24:11"}
{"level":"error","message":"Erro na consulta SQL:","service":"lineage2-server","timestamp":"2025-09-23 21:24:41"}
{"level":"error","message":"Erro ao atualizar status do servidor:","service":"lineage2-server","timestamp":"2025-09-23 21:24:41"}
{"level":"error","message":"Erro ao atualizar status do servidor:","service":"lineage2-server","timestamp":"2025-09-23 21:24:41"}
{"level":"error","message":"Erro na consulta SQL:","service":"lineage2-server","timestamp":"2025-09-23 21:25:11"}
{"level":"error","message":"Erro ao atualizar status do servidor:","service":"lineage2-server","timestamp":"2025-09-23 21:25:11"}
{"level":"error","message":"Erro ao atualizar status do servidor:","service":"lineage2-server","timestamp":"2025-09-23 21:25:11"}
{"level":"error","message":"Erro na consulta SQL:","service":"lineage2-server","timestamp":"2025-09-23 21:25:41"}
{"level":"error","message":"Erro ao atualizar status do servidor:","service":"lineage2-server","timestamp":"2025-09-23 21:25:41"}
{"level":"error","message":"Erro ao atualizar status do servidor:","service":"lineage2-server","timestamp":"2025-09-23 21:25:41"}
{"level":"error","message":"Erro na consulta SQL:","service":"lineage2-server","timestamp":"2025-09-23 21:26:11"}
{"level":"error","message":"Erro ao atualizar status do servidor:","service":"lineage2-server","timestamp":"2025-09-23 21:26:11"}
{"level":"error","message":"Erro ao atualizar status do servidor:","service":"lineage2-server","timestamp":"2025-09-23 21:26:11"}
{"level":"error","message":"Erro na consulta SQL:","service":"lineage2-server","timestamp":"2025-09-23 21:26:41"}
{"level":"error","message":"Erro ao atualizar status do servidor:","service":"lineage2-server","timestamp":"2025-09-23 21:26:41"}
{"level":"error","message":"Erro ao atualizar status do servidor:","service":"lineage2-server","timestamp":"2025-09-23 21:26:41"}
{"level":"error","message":"Erro na consulta SQL:","service":"lineage2-server","timestamp":"2025-09-23 21:27:11"}
{"level":"error","message":"Erro ao atualizar status do servidor:","service":"lineage2-server","timestamp":"2025-09-23 21:27:11"}
{"level":"error","message":"Erro ao atualizar status do servidor:","service":"lineage2-server","timestamp":"2025-09-23 21:27:11"}
{"level":"error","message":"Erro na consulta SQL:","service":"lineage2-server","timestamp":"2025-09-23 21:27:41"}
{"level":"error","message":"Erro ao atualizar status do servidor:","service":"lineage2-server","timestamp":"2025-09-23 21:27:41"}
{"level":"error","message":"Erro ao atualizar status do servidor:","service":"lineage2-server","timestamp":"2025-09-23 21:27:41"}
{"level":"error","message":"Erro na consulta SQL:","service":"lineage2-server","timestamp":"2025-09-23 21:28:11"}
{"level":"error","message":"Erro ao atualizar status do servidor:","service":"lineage2-server","timestamp":"2025-09-23 21:28:11"}
{"level":"error","message":"Erro ao atualizar status do servidor:","service":"lineage2-server","timestamp":"2025-09-23 21:28:11"}
{"level":"error","message":"Erro na consulta SQL:","service":"lineage2-server","timestamp":"2025-09-23 21:28:41"}
{"level":"error","message":"Erro ao atualizar status do servidor:","service":"lineage2-server","timestamp":"2025-09-23 21:28:41"}
{"level":"error","message":"Erro ao atualizar status do servidor:","service":"lineage2-server","timestamp":"2025-09-23 21:28:41"}
{"level":"error","message":"Erro na consulta SQL:","service":"lineage2-server","timestamp":"2025-09-23 21:29:11"}
{"level":"error","message":"Erro ao atualizar status do servidor:","service":"lineage2-server","timestamp":"2025-09-23 21:29:11"}
{"level":"error","message":"Erro ao atualizar status do servidor:","service":"lineage2-server","timestamp":"2025-09-23 21:29:11"}
{"level":"error","message":"Erro no login:","service":"lineage2-server","timestamp":"2025-09-23 21:32:43"}
{"level":"error","message":"Erro no evento move:","service":"lineage2-server","timestamp":"2025-09-24 12:52:05"}
{"level":"error","message":"Erro no evento move:","service":"lineage2-server","timestamp":"2025-09-24 12:54:01"}
{"level":"error","message":"Erro no evento move:","service":"lineage2-server","timestamp":"2025-09-24 13:26:38"}
